#! /usr/bin/vvp
:ivl_version "10.3 (stable)";
:ivl_delay_selection "TYPICAL";
:vpi_time_precision + 0;
:vpi_module "system";
:vpi_module "vhdl_sys";
:vpi_module "v2005_math";
:vpi_module "va_math";
S_0x55002af100 .scope module, "imem" "imem" 2 1;
 .timescale 0 0;
    .port_info 0 /OUTPUT 16 "rd"
    .port_info 1 /INPUT 4 "a"
L_0x55002f2b30 .functor BUFZ 16, L_0x55002f28f0, C4<0000000000000000>, C4<0000000000000000>, C4<0000000000000000>;
v0x55002af280_0 .net *"_s0", 15 0, L_0x55002f28f0;  1 drivers
v0x55002f2420_0 .net *"_s2", 6 0, L_0x55002f29c0;  1 drivers
L_0x5501f84018 .functor BUFT 1, C4<000>, C4<0>, C4<0>, C4<0>;
v0x55002f2500_0 .net *"_s5", 2 0, L_0x5501f84018;  1 drivers
o0x5501f530a8 .functor BUFZ 4, C4<zzzz>; HiZ drive
v0x55002f25c0_0 .net "a", 3 0, o0x5501f530a8;  0 drivers
v0x55002f26a0 .array "ram", 31 0, 15 0;
v0x55002f27b0_0 .net "rd", 15 0, L_0x55002f2b30;  1 drivers
L_0x55002f28f0 .array/port v0x55002f26a0, L_0x55002f29c0;
L_0x55002f29c0 .concat [ 4 3 0 0], o0x5501f530a8, L_0x5501f84018;
    .scope S_0x55002af100;
T_0 ;
    %vpi_call 2 9 "$readmemh", "test1.txt", v0x55002f26a0 {0 0 0};
    %end;
    .thread T_0;
# The file index is used to find the file name in the following table.
:file_names 3;
    "N/A";
    "<interactive>";
    "imem.v";
